c:\projects\seawolves\seawolves\x64\release\vc140.pdb
c:\projects\seawolves\seawolves\x64\release\unit.obj
c:\projects\seawolves\seawolves\x64\release\steeringbehaviour.obj
c:\projects\seawolves\seawolves\x64\release\squareneighbor.obj
c:\projects\seawolves\seawolves\x64\release\selectioncircle.obj
c:\projects\seawolves\seawolves\x64\release\selectionbox.obj
c:\projects\seawolves\seawolves\x64\release\playermanager.obj
c:\projects\seawolves\seawolves\x64\release\pathfinding.obj
c:\projects\seawolves\seawolves\x64\release\gridutils.obj
c:\projects\seawolves\seawolves\x64\release\grideditor.obj
c:\projects\seawolves\seawolves\x64\release\generateunits.obj
c:\projects\seawolves\seawolves\x64\release\gamerunnable.obj
c:\projects\seawolves\seawolves\x64\release\editorutil.obj
c:\projects\seawolves\seawolves\x64\release\constants.obj
c:\projects\seawolves\seawolves\x64\release\bezier.obj
c:\projects\seawolves\x64\release\seawolves.exe
c:\projects\seawolves\x64\release\seawolves.ipdb
c:\projects\seawolves\x64\release\seawolves.iobj
c:\projects\seawolves\x64\release\seawolves.pdb
c:\projects\seawolves\seawolves\x64\release\seawolves.tlog\cl.command.1.tlog
c:\projects\seawolves\seawolves\x64\release\seawolves.tlog\cl.read.1.tlog
c:\projects\seawolves\seawolves\x64\release\seawolves.tlog\cl.write.1.tlog
c:\projects\seawolves\seawolves\x64\release\seawolves.tlog\link.command.1.tlog
c:\projects\seawolves\seawolves\x64\release\seawolves.tlog\link.read.1.tlog
c:\projects\seawolves\seawolves\x64\release\seawolves.tlog\link.write.1.tlog
